{"/Users/mac/Desktop/projects/todoist/server.js":{"path":"/Users/mac/Desktop/projects/todoist/server.js","s":{"1":1,"2":1,"3":1,"4":1,"5":1,"6":1,"7":1,"8":1,"9":1,"10":1,"11":1,"12":1,"13":1,"14":1,"15":1,"16":1,"17":1,"18":1,"19":1,"20":1,"21":1,"22":1,"23":1,"24":1,"25":1,"26":1,"27":1,"28":1,"29":0,"30":1,"31":1},"b":{"1":[0,1]},"f":{},"fnMap":{},"statementMap":{"1":{"start":{"line":1,"column":0},"end":{"line":57,"column":5}},"2":{"start":{"line":2,"column":2},"end":{"line":2,"column":15}},"3":{"start":{"line":3,"column":2},"end":{"line":3,"column":37}},"4":{"start":{"line":4,"column":2},"end":{"line":4,"column":24}},"5":{"start":{"line":5,"column":2},"end":{"line":5,"column":44}},"6":{"start":{"line":6,"column":2},"end":{"line":6,"column":35}},"7":{"start":{"line":7,"column":2},"end":{"line":7,"column":52}},"8":{"start":{"line":8,"column":2},"end":{"line":8,"column":31}},"9":{"start":{"line":9,"column":2},"end":{"line":9,"column":59}},"10":{"start":{"line":10,"column":2},"end":{"line":10,"column":59}},"11":{"start":{"line":11,"column":2},"end":{"line":11,"column":39}},"12":{"start":{"line":12,"column":2},"end":{"line":12,"column":52}},"13":{"start":{"line":13,"column":2},"end":{"line":13,"column":34}},"14":{"start":{"line":14,"column":2},"end":{"line":14,"column":39}},"15":{"start":{"line":15,"column":2},"end":{"line":15,"column":30}},"16":{"start":{"line":17,"column":2},"end":{"line":17,"column":17}},"17":{"start":{"line":19,"column":2},"end":{"line":19,"column":25}},"18":{"start":{"line":20,"column":2},"end":{"line":20,"column":29}},"19":{"start":{"line":21,"column":2},"end":{"line":23,"column":6}},"20":{"start":{"line":25,"column":2},"end":{"line":25,"column":28}},"21":{"start":{"line":26,"column":2},"end":{"line":26,"column":18}},"22":{"start":{"line":28,"column":2},"end":{"line":28,"column":50}},"23":{"start":{"line":31,"column":2},"end":{"line":31,"column":37}},"24":{"start":{"line":33,"column":2},"end":{"line":33,"column":26}},"25":{"start":{"line":35,"column":2},"end":{"line":37,"column":5}},"26":{"start":{"line":36,"column":4},"end":{"line":36,"column":50}},"27":{"start":{"line":45,"column":2},"end":{"line":51,"column":5}},"28":{"start":{"line":46,"column":4},"end":{"line":48,"column":5}},"29":{"start":{"line":47,"column":6},"end":{"line":47,"column":16}},"30":{"start":{"line":50,"column":4},"end":{"line":50,"column":60}},"31":{"start":{"line":54,"column":2},"end":{"line":54,"column":23}}},"branchMap":{"1":{"line":46,"type":"if","locations":[{"start":{"line":46,"column":4},"end":{"line":46,"column":4}},{"start":{"line":46,"column":4},"end":{"line":46,"column":4}}]}}},"/Users/mac/Desktop/projects/todoist/server/config/environment.js":{"path":"/Users/mac/Desktop/projects/todoist/server/config/environment.js","s":{"1":1,"2":1,"3":1,"4":1},"b":{},"f":{},"fnMap":{},"statementMap":{"1":{"start":{"line":1,"column":0},"end":{"line":12,"column":5}},"2":{"start":{"line":2,"column":2},"end":{"line":2,"column":15}},"3":{"start":{"line":3,"column":2},"end":{"line":3,"column":27}},"4":{"start":{"line":5,"column":2},"end":{"line":10,"column":3}}},"branchMap":{}},"/Users/mac/Desktop/projects/todoist/server/config/connections.js":{"path":"/Users/mac/Desktop/projects/todoist/server/config/connections.js","s":{"1":1,"2":1,"3":1,"4":1,"5":1,"6":0,"7":1,"8":1,"9":1,"10":0,"11":1,"12":0,"13":0,"14":0},"b":{},"f":{"1":1,"2":0,"3":1,"4":0,"5":0,"6":0},"fnMap":{"1":{"name":"(anonymous_1)","line":4,"loc":{"start":{"line":4,"column":19},"end":{"line":4,"column":42}}},"2":{"name":"(anonymous_2)","line":7,"loc":{"start":{"line":7,"column":36},"end":{"line":7,"column":50}}},"3":{"name":"(anonymous_3)","line":11,"loc":{"start":{"line":11,"column":40},"end":{"line":11,"column":51}}},"4":{"name":"(anonymous_4)","line":15,"loc":{"start":{"line":15,"column":43},"end":{"line":15,"column":54}}},"5":{"name":"(anonymous_5)","line":19,"loc":{"start":{"line":19,"column":25},"end":{"line":19,"column":36}}},"6":{"name":"(anonymous_6)","line":20,"loc":{"start":{"line":20,"column":32},"end":{"line":20,"column":43}}}},"statementMap":{"1":{"start":{"line":1,"column":0},"end":{"line":26,"column":5}},"2":{"start":{"line":2,"column":2},"end":{"line":2,"column":15}},"3":{"start":{"line":4,"column":2},"end":{"line":25,"column":3}},"4":{"start":{"line":5,"column":4},"end":{"line":5,"column":25}},"5":{"start":{"line":7,"column":4},"end":{"line":9,"column":7}},"6":{"start":{"line":8,"column":6},"end":{"line":8,"column":61}},"7":{"start":{"line":11,"column":4},"end":{"line":13,"column":7}},"8":{"start":{"line":12,"column":6},"end":{"line":12,"column":47}},"9":{"start":{"line":15,"column":4},"end":{"line":17,"column":7}},"10":{"start":{"line":16,"column":6},"end":{"line":16,"column":52}},"11":{"start":{"line":19,"column":4},"end":{"line":24,"column":7}},"12":{"start":{"line":20,"column":6},"end":{"line":23,"column":9}},"13":{"start":{"line":21,"column":8},"end":{"line":21,"column":74}},"14":{"start":{"line":22,"column":8},"end":{"line":22,"column":24}}},"branchMap":{}},"/Users/mac/Desktop/projects/todoist/server/route/index.js":{"path":"/Users/mac/Desktop/projects/todoist/server/route/index.js","s":{"1":1,"2":1,"3":1,"4":1,"5":1,"6":1,"7":1,"8":1,"9":1},"b":{},"f":{},"fnMap":{},"statementMap":{"1":{"start":{"line":1,"column":0},"end":{"line":14,"column":5}},"2":{"start":{"line":2,"column":2},"end":{"line":2,"column":15}},"3":{"start":{"line":4,"column":2},"end":{"line":4,"column":45}},"4":{"start":{"line":5,"column":2},"end":{"line":5,"column":45}},"5":{"start":{"line":6,"column":2},"end":{"line":6,"column":51}},"6":{"start":{"line":8,"column":2},"end":{"line":12,"column":3}},"7":{"start":{"line":9,"column":4},"end":{"line":9,"column":23}},"8":{"start":{"line":10,"column":4},"end":{"line":10,"column":23}},"9":{"start":{"line":11,"column":4},"end":{"line":11,"column":26}}},"branchMap":{}},"/Users/mac/Desktop/projects/todoist/server/route/user.route.js":{"path":"/Users/mac/Desktop/projects/todoist/server/route/user.route.js","s":{"1":1,"2":1,"3":1,"4":1,"5":1,"6":1,"7":1,"8":1,"9":1,"10":1},"b":{},"f":{},"fnMap":{},"statementMap":{"1":{"start":{"line":1,"column":0},"end":{"line":34,"column":5}},"2":{"start":{"line":2,"column":2},"end":{"line":2,"column":15}},"3":{"start":{"line":4,"column":2},"end":{"line":4,"column":71}},"4":{"start":{"line":5,"column":2},"end":{"line":5,"column":50}},"5":{"start":{"line":7,"column":2},"end":{"line":31,"column":3}},"6":{"start":{"line":9,"column":4},"end":{"line":10,"column":34}},"7":{"start":{"line":17,"column":4},"end":{"line":18,"column":42}},"8":{"start":{"line":21,"column":4},"end":{"line":21,"column":32}},"9":{"start":{"line":23,"column":4},"end":{"line":24,"column":39}},"10":{"start":{"line":27,"column":4},"end":{"line":30,"column":41}}},"branchMap":{}},"/Users/mac/Desktop/projects/todoist/server/controller/user.controller.js":{"path":"/Users/mac/Desktop/projects/todoist/server/controller/user.controller.js","s":{"1":1,"2":1,"3":1,"4":1,"5":1,"6":1,"7":1,"8":1,"9":6,"10":6,"11":2,"12":4,"13":2,"14":2,"15":1,"16":1,"17":1,"18":1,"19":0,"20":0,"21":0,"22":0,"23":0,"24":0,"25":0,"26":0,"27":0,"28":0,"29":0,"30":0,"31":0,"32":0,"33":0,"34":0,"35":0,"36":0,"37":0,"38":0,"39":0,"40":0,"41":0,"42":0},"b":{"1":[1,1],"2":[1,0],"3":[0,0],"4":[0,0],"5":[0,0]},"f":{"1":6,"2":2,"3":0,"4":0,"5":0,"6":0,"7":0,"8":0},"fnMap":{"1":{"name":"(anonymous_1)","line":13,"loc":{"start":{"line":13,"column":17},"end":{"line":13,"column":28}}},"2":{"name":"(anonymous_2)","line":28,"loc":{"start":{"line":28,"column":9},"end":{"line":28,"column":20}}},"3":{"name":"(anonymous_3)","line":57,"loc":{"start":{"line":57,"column":15},"end":{"line":57,"column":26}}},"4":{"name":"(anonymous_4)","line":73,"loc":{"start":{"line":73,"column":11},"end":{"line":73,"column":22}}},"5":{"name":"(anonymous_5)","line":83,"loc":{"start":{"line":83,"column":15},"end":{"line":83,"column":26}}},"6":{"name":"(anonymous_6)","line":93,"loc":{"start":{"line":93,"column":12},"end":{"line":93,"column":23}}},"7":{"name":"(anonymous_7)","line":109,"loc":{"start":{"line":109,"column":14},"end":{"line":109,"column":25}}},"8":{"name":"(anonymous_8)","line":128,"loc":{"start":{"line":128,"column":10},"end":{"line":128,"column":21}}}},"statementMap":{"1":{"start":{"line":1,"column":0},"end":{"line":141,"column":4}},"2":{"start":{"line":2,"column":2},"end":{"line":2,"column":15}},"3":{"start":{"line":4,"column":2},"end":{"line":4,"column":51}},"4":{"start":{"line":5,"column":2},"end":{"line":5,"column":51}},"5":{"start":{"line":6,"column":2},"end":{"line":6,"column":55}},"6":{"start":{"line":7,"column":2},"end":{"line":7,"column":38}},"7":{"start":{"line":8,"column":2},"end":{"line":8,"column":35}},"8":{"start":{"line":11,"column":2},"end":{"line":140,"column":3}},"9":{"start":{"line":14,"column":6},"end":{"line":18,"column":9}},"10":{"start":{"line":20,"column":6},"end":{"line":26,"column":10}},"11":{"start":{"line":22,"column":10},"end":{"line":22,"column":25}},"12":{"start":{"line":25,"column":10},"end":{"line":25,"column":36}},"13":{"start":{"line":30,"column":6},"end":{"line":55,"column":10}},"14":{"start":{"line":36,"column":10},"end":{"line":41,"column":11}},"15":{"start":{"line":37,"column":12},"end":{"line":40,"column":15}},"16":{"start":{"line":43,"column":10},"end":{"line":50,"column":11}},"17":{"start":{"line":46,"column":12},"end":{"line":48,"column":15}},"18":{"start":{"line":49,"column":12},"end":{"line":49,"column":57}},"19":{"start":{"line":54,"column":10},"end":{"line":54,"column":36}},"20":{"start":{"line":58,"column":6},"end":{"line":71,"column":10}},"21":{"start":{"line":61,"column":10},"end":{"line":66,"column":11}},"22":{"start":{"line":62,"column":12},"end":{"line":65,"column":15}},"23":{"start":{"line":67,"column":10},"end":{"line":67,"column":25}},"24":{"start":{"line":70,"column":10},"end":{"line":70,"column":36}},"25":{"start":{"line":74,"column":6},"end":{"line":81,"column":10}},"26":{"start":{"line":77,"column":10},"end":{"line":77,"column":25}},"27":{"start":{"line":80,"column":10},"end":{"line":80,"column":36}},"28":{"start":{"line":84,"column":6},"end":{"line":91,"column":10}},"29":{"start":{"line":87,"column":10},"end":{"line":87,"column":25}},"30":{"start":{"line":90,"column":10},"end":{"line":90,"column":36}},"31":{"start":{"line":94,"column":6},"end":{"line":107,"column":10}},"32":{"start":{"line":97,"column":10},"end":{"line":102,"column":11}},"33":{"start":{"line":98,"column":12},"end":{"line":101,"column":15}},"34":{"start":{"line":103,"column":10},"end":{"line":103,"column":25}},"35":{"start":{"line":106,"column":10},"end":{"line":106,"column":36}},"36":{"start":{"line":110,"column":6},"end":{"line":125,"column":10}},"37":{"start":{"line":113,"column":10},"end":{"line":118,"column":11}},"38":{"start":{"line":114,"column":12},"end":{"line":117,"column":15}},"39":{"start":{"line":119,"column":10},"end":{"line":121,"column":13}},"40":{"start":{"line":124,"column":10},"end":{"line":124,"column":36}},"41":{"start":{"line":129,"column":6},"end":{"line":138,"column":10}},"42":{"start":{"line":134,"column":10},"end":{"line":137,"column":12}}},"branchMap":{"1":{"line":36,"type":"if","locations":[{"start":{"line":36,"column":10},"end":{"line":36,"column":10}},{"start":{"line":36,"column":10},"end":{"line":36,"column":10}}]},"2":{"line":43,"type":"if","locations":[{"start":{"line":43,"column":10},"end":{"line":43,"column":10}},{"start":{"line":43,"column":10},"end":{"line":43,"column":10}}]},"3":{"line":61,"type":"if","locations":[{"start":{"line":61,"column":10},"end":{"line":61,"column":10}},{"start":{"line":61,"column":10},"end":{"line":61,"column":10}}]},"4":{"line":97,"type":"if","locations":[{"start":{"line":97,"column":10},"end":{"line":97,"column":10}},{"start":{"line":97,"column":10},"end":{"line":97,"column":10}}]},"5":{"line":113,"type":"if","locations":[{"start":{"line":113,"column":10},"end":{"line":113,"column":10}},{"start":{"line":113,"column":10},"end":{"line":113,"column":10}}]}}},"/Users/mac/Desktop/projects/todoist/server/model/user.model.js":{"path":"/Users/mac/Desktop/projects/todoist/server/model/user.model.js","s":{"1":1,"2":1,"3":1,"4":1,"5":1,"6":1,"7":1,"8":1,"9":0,"10":0,"11":6,"12":5,"13":5,"14":1,"15":3,"16":3,"17":3,"18":3,"19":0,"20":0,"21":3,"22":0,"23":3,"24":3,"25":0,"26":3,"27":3,"28":0,"29":3,"30":3,"31":1,"32":0,"33":0,"34":0,"35":0,"36":1},"b":{"1":[0,3],"2":[0,3],"3":[0,3],"4":[0,3],"5":[0,0]},"f":{"1":3},"fnMap":{"1":{"name":"(anonymous_1)","line":81,"loc":{"start":{"line":81,"column":25},"end":{"line":81,"column":40}}}},"statementMap":{"1":{"start":{"line":1,"column":0},"end":{"line":130,"column":5}},"2":{"start":{"line":2,"column":2},"end":{"line":2,"column":15}},"3":{"start":{"line":3,"column":2},"end":{"line":3,"column":39}},"4":{"start":{"line":4,"column":2},"end":{"line":4,"column":33}},"5":{"start":{"line":5,"column":2},"end":{"line":5,"column":35}},"6":{"start":{"line":6,"column":2},"end":{"line":6,"column":70}},"7":{"start":{"line":7,"column":2},"end":{"line":7,"column":41}},"8":{"start":{"line":9,"column":2},"end":{"line":79,"column":5}},"9":{"start":{"line":16,"column":12},"end":{"line":16,"column":46}},"10":{"start":{"line":26,"column":12},"end":{"line":26,"column":45}},"11":{"start":{"line":38,"column":10},"end":{"line":38,"column":38}},"12":{"start":{"line":49,"column":10},"end":{"line":49,"column":44}},"13":{"start":{"line":59,"column":10},"end":{"line":59,"column":38}},"14":{"start":{"line":81,"column":2},"end":{"line":117,"column":5}},"15":{"start":{"line":82,"column":4},"end":{"line":82,"column":20}},"16":{"start":{"line":85,"column":4},"end":{"line":85,"column":33}},"17":{"start":{"line":88,"column":4},"end":{"line":88,"column":33}},"18":{"start":{"line":91,"column":4},"end":{"line":94,"column":5}},"19":{"start":{"line":92,"column":6},"end":{"line":92,"column":36}},"20":{"start":{"line":93,"column":6},"end":{"line":93,"column":13}},"21":{"start":{"line":97,"column":4},"end":{"line":99,"column":5}},"22":{"start":{"line":98,"column":6},"end":{"line":98,"column":20}},"23":{"start":{"line":102,"column":4},"end":{"line":116,"column":7}},"24":{"start":{"line":103,"column":6},"end":{"line":105,"column":7}},"25":{"start":{"line":104,"column":8},"end":{"line":104,"column":25}},"26":{"start":{"line":108,"column":6},"end":{"line":115,"column":9}},"27":{"start":{"line":109,"column":8},"end":{"line":111,"column":9}},"28":{"start":{"line":110,"column":10},"end":{"line":110,"column":27}},"29":{"start":{"line":113,"column":8},"end":{"line":113,"column":29}},"30":{"start":{"line":114,"column":8},"end":{"line":114,"column":15}},"31":{"start":{"line":119,"column":2},"end":{"line":126,"column":4}},"32":{"start":{"line":120,"column":4},"end":{"line":125,"column":7}},"33":{"start":{"line":121,"column":6},"end":{"line":123,"column":7}},"34":{"start":{"line":122,"column":8},"end":{"line":122,"column":23}},"35":{"start":{"line":124,"column":6},"end":{"line":124,"column":24}},"36":{"start":{"line":129,"column":2},"end":{"line":129,"column":54}}},"branchMap":{"1":{"line":91,"type":"if","locations":[{"start":{"line":91,"column":4},"end":{"line":91,"column":4}},{"start":{"line":91,"column":4},"end":{"line":91,"column":4}}]},"2":{"line":97,"type":"if","locations":[{"start":{"line":97,"column":4},"end":{"line":97,"column":4}},{"start":{"line":97,"column":4},"end":{"line":97,"column":4}}]},"3":{"line":103,"type":"if","locations":[{"start":{"line":103,"column":6},"end":{"line":103,"column":6}},{"start":{"line":103,"column":6},"end":{"line":103,"column":6}}]},"4":{"line":109,"type":"if","locations":[{"start":{"line":109,"column":8},"end":{"line":109,"column":8}},{"start":{"line":109,"column":8},"end":{"line":109,"column":8}}]},"5":{"line":121,"type":"if","locations":[{"start":{"line":121,"column":6},"end":{"line":121,"column":6}},{"start":{"line":121,"column":6},"end":{"line":121,"column":6}}]}}},"/Users/mac/Desktop/projects/todoist/server/model/task.model.js":{"path":"/Users/mac/Desktop/projects/todoist/server/model/task.model.js","s":{"1":1,"2":1,"3":1,"4":1,"5":1,"6":1,"7":1,"8":1},"b":{},"f":{},"fnMap":{},"statementMap":{"1":{"start":{"line":1,"column":0},"end":{"line":43,"column":5}},"2":{"start":{"line":2,"column":2},"end":{"line":2,"column":15}},"3":{"start":{"line":4,"column":2},"end":{"line":4,"column":39}},"4":{"start":{"line":5,"column":2},"end":{"line":5,"column":33}},"5":{"start":{"line":6,"column":2},"end":{"line":6,"column":41}},"6":{"start":{"line":9,"column":2},"end":{"line":37,"column":5}},"7":{"start":{"line":40,"column":2},"end":{"line":40,"column":48}},"8":{"start":{"line":41,"column":2},"end":{"line":41,"column":24}}},"branchMap":{}},"/Users/mac/Desktop/projects/todoist/server/middleware/auth.js":{"path":"/Users/mac/Desktop/projects/todoist/server/middleware/auth.js","s":{"1":1,"2":1,"3":1,"4":1,"5":1,"6":1,"7":4,"8":4,"9":4,"10":4,"11":0,"12":4,"13":4,"14":0,"15":0,"16":0,"17":0,"18":0,"19":0,"20":0,"21":0},"b":{"1":[4,4,4],"2":[4,0],"3":[0,4],"4":[0,0],"5":[0,0]},"f":{"1":4,"2":4,"3":0},"fnMap":{"1":{"name":"(anonymous_1)","line":11,"loc":{"start":{"line":11,"column":14},"end":{"line":11,"column":31}}},"2":{"name":"(anonymous_2)","line":18,"loc":{"start":{"line":18,"column":44},"end":{"line":18,"column":67}}},"3":{"name":"(anonymous_3)","line":37,"loc":{"start":{"line":37,"column":14},"end":{"line":37,"column":31}}}},"statementMap":{"1":{"start":{"line":1,"column":0},"end":{"line":61,"column":5}},"2":{"start":{"line":2,"column":2},"end":{"line":2,"column":15}},"3":{"start":{"line":5,"column":2},"end":{"line":5,"column":55}},"4":{"start":{"line":6,"column":2},"end":{"line":6,"column":38}},"5":{"start":{"line":7,"column":2},"end":{"line":7,"column":51}},"6":{"start":{"line":9,"column":2},"end":{"line":60,"column":3}},"7":{"start":{"line":13,"column":6},"end":{"line":14,"column":38}},"8":{"start":{"line":16,"column":6},"end":{"line":35,"column":7}},"9":{"start":{"line":18,"column":8},"end":{"line":29,"column":11}},"10":{"start":{"line":19,"column":10},"end":{"line":28,"column":11}},"11":{"start":{"line":20,"column":12},"end":{"line":23,"column":15}},"12":{"start":{"line":26,"column":12},"end":{"line":26,"column":34}},"13":{"start":{"line":27,"column":12},"end":{"line":27,"column":19}},"14":{"start":{"line":32,"column":8},"end":{"line":34,"column":11}},"15":{"start":{"line":38,"column":6},"end":{"line":56,"column":10}},"16":{"start":{"line":41,"column":10},"end":{"line":46,"column":11}},"17":{"start":{"line":42,"column":12},"end":{"line":45,"column":15}},"18":{"start":{"line":47,"column":10},"end":{"line":51,"column":11}},"19":{"start":{"line":48,"column":12},"end":{"line":50,"column":14}},"20":{"start":{"line":52,"column":10},"end":{"line":52,"column":17}},"21":{"start":{"line":55,"column":10},"end":{"line":55,"column":36}}},"branchMap":{"1":{"line":13,"type":"binary-expr","locations":[{"start":{"line":13,"column":18},"end":{"line":13,"column":32}},{"start":{"line":13,"column":36},"end":{"line":13,"column":51}},{"start":{"line":14,"column":8},"end":{"line":14,"column":37}}]},"2":{"line":16,"type":"if","locations":[{"start":{"line":16,"column":6},"end":{"line":16,"column":6}},{"start":{"line":16,"column":6},"end":{"line":16,"column":6}}]},"3":{"line":19,"type":"if","locations":[{"start":{"line":19,"column":10},"end":{"line":19,"column":10}},{"start":{"line":19,"column":10},"end":{"line":19,"column":10}}]},"4":{"line":41,"type":"if","locations":[{"start":{"line":41,"column":10},"end":{"line":41,"column":10}},{"start":{"line":41,"column":10},"end":{"line":41,"column":10}}]},"5":{"line":47,"type":"if","locations":[{"start":{"line":47,"column":10},"end":{"line":47,"column":10}},{"start":{"line":47,"column":10},"end":{"line":47,"column":10}}]}}},"/Users/mac/Desktop/projects/todoist/server/route/task.route.js":{"path":"/Users/mac/Desktop/projects/todoist/server/route/task.route.js","s":{"1":1,"2":1,"3":1,"4":1,"5":1,"6":1,"7":1,"8":1,"9":1},"b":{},"f":{},"fnMap":{},"statementMap":{"1":{"start":{"line":1,"column":0},"end":{"line":29,"column":5}},"2":{"start":{"line":2,"column":2},"end":{"line":2,"column":15}},"3":{"start":{"line":4,"column":2},"end":{"line":4,"column":71}},"4":{"start":{"line":5,"column":2},"end":{"line":5,"column":50}},"5":{"start":{"line":7,"column":2},"end":{"line":27,"column":3}},"6":{"start":{"line":9,"column":4},"end":{"line":9,"column":32}},"7":{"start":{"line":12,"column":4},"end":{"line":14,"column":39}},"8":{"start":{"line":17,"column":4},"end":{"line":18,"column":41}},"9":{"start":{"line":21,"column":4},"end":{"line":26,"column":35}}},"branchMap":{}},"/Users/mac/Desktop/projects/todoist/server/controller/task.controller.js":{"path":"/Users/mac/Desktop/projects/todoist/server/controller/task.controller.js","s":{"1":1,"2":1,"3":1,"4":1,"5":1,"6":2,"7":1,"8":1,"9":1,"10":0,"11":2,"12":1,"13":1,"14":0,"15":0,"16":0,"17":0,"18":0,"19":0,"20":0,"21":0,"22":0,"23":0,"24":0,"25":0,"26":0,"27":0,"28":0,"29":0,"30":0,"31":0,"32":0,"33":0,"34":0,"35":0,"36":0,"37":0,"38":0},"b":{"1":[0,0],"2":[0,0],"3":[0,0],"4":[0,0],"5":[0,0]},"f":{"1":2,"2":1,"3":0,"4":0,"5":0,"6":0,"7":0},"fnMap":{"1":{"name":"(anonymous_1)","line":8,"loc":{"start":{"line":8,"column":14},"end":{"line":8,"column":25}}},"2":{"name":"addTaskIdToUser","line":17,"loc":{"start":{"line":17,"column":6},"end":{"line":17,"column":35}}},"3":{"name":"(anonymous_3)","line":40,"loc":{"start":{"line":40,"column":15},"end":{"line":40,"column":26}}},"4":{"name":"(anonymous_4)","line":56,"loc":{"start":{"line":56,"column":12},"end":{"line":56,"column":23}}},"5":{"name":"(anonymous_5)","line":72,"loc":{"start":{"line":72,"column":17},"end":{"line":72,"column":28}}},"6":{"name":"(anonymous_6)","line":88,"loc":{"start":{"line":88,"column":12},"end":{"line":88,"column":23}}},"7":{"name":"(anonymous_7)","line":104,"loc":{"start":{"line":104,"column":14},"end":{"line":104,"column":25}}}},"statementMap":{"1":{"start":{"line":1,"column":0},"end":{"line":125,"column":5}},"2":{"start":{"line":2,"column":2},"end":{"line":2,"column":15}},"3":{"start":{"line":4,"column":2},"end":{"line":4,"column":51}},"4":{"start":{"line":5,"column":2},"end":{"line":5,"column":51}},"5":{"start":{"line":7,"column":2},"end":{"line":123,"column":3}},"6":{"start":{"line":9,"column":6},"end":{"line":14,"column":9}},"7":{"start":{"line":17,"column":6},"end":{"line":30,"column":7}},"8":{"start":{"line":18,"column":8},"end":{"line":29,"column":12}},"9":{"start":{"line":25,"column":12},"end":{"line":25,"column":26}},"10":{"start":{"line":28,"column":12},"end":{"line":28,"column":37}},"11":{"start":{"line":32,"column":6},"end":{"line":38,"column":11}},"12":{"start":{"line":34,"column":10},"end":{"line":34,"column":42}},"13":{"start":{"line":37,"column":10},"end":{"line":37,"column":36}},"14":{"start":{"line":41,"column":6},"end":{"line":54,"column":10}},"15":{"start":{"line":44,"column":10},"end":{"line":49,"column":11}},"16":{"start":{"line":45,"column":12},"end":{"line":48,"column":15}},"17":{"start":{"line":50,"column":10},"end":{"line":50,"column":26}},"18":{"start":{"line":53,"column":10},"end":{"line":53,"column":36}},"19":{"start":{"line":57,"column":6},"end":{"line":70,"column":10}},"20":{"start":{"line":60,"column":10},"end":{"line":65,"column":11}},"21":{"start":{"line":61,"column":12},"end":{"line":64,"column":15}},"22":{"start":{"line":66,"column":10},"end":{"line":66,"column":25}},"23":{"start":{"line":69,"column":10},"end":{"line":69,"column":36}},"24":{"start":{"line":73,"column":6},"end":{"line":86,"column":10}},"25":{"start":{"line":76,"column":10},"end":{"line":81,"column":11}},"26":{"start":{"line":77,"column":12},"end":{"line":80,"column":15}},"27":{"start":{"line":82,"column":10},"end":{"line":82,"column":25}},"28":{"start":{"line":85,"column":10},"end":{"line":85,"column":36}},"29":{"start":{"line":89,"column":6},"end":{"line":102,"column":10}},"30":{"start":{"line":92,"column":10},"end":{"line":97,"column":11}},"31":{"start":{"line":93,"column":12},"end":{"line":96,"column":15}},"32":{"start":{"line":98,"column":10},"end":{"line":98,"column":25}},"33":{"start":{"line":101,"column":10},"end":{"line":101,"column":36}},"34":{"start":{"line":105,"column":6},"end":{"line":120,"column":10}},"35":{"start":{"line":108,"column":10},"end":{"line":113,"column":11}},"36":{"start":{"line":109,"column":12},"end":{"line":112,"column":15}},"37":{"start":{"line":114,"column":10},"end":{"line":116,"column":13}},"38":{"start":{"line":119,"column":10},"end":{"line":119,"column":36}}},"branchMap":{"1":{"line":44,"type":"if","locations":[{"start":{"line":44,"column":10},"end":{"line":44,"column":10}},{"start":{"line":44,"column":10},"end":{"line":44,"column":10}}]},"2":{"line":60,"type":"if","locations":[{"start":{"line":60,"column":10},"end":{"line":60,"column":10}},{"start":{"line":60,"column":10},"end":{"line":60,"column":10}}]},"3":{"line":76,"type":"if","locations":[{"start":{"line":76,"column":10},"end":{"line":76,"column":10}},{"start":{"line":76,"column":10},"end":{"line":76,"column":10}}]},"4":{"line":92,"type":"if","locations":[{"start":{"line":92,"column":10},"end":{"line":92,"column":10}},{"start":{"line":92,"column":10},"end":{"line":92,"column":10}}]},"5":{"line":108,"type":"if","locations":[{"start":{"line":108,"column":10},"end":{"line":108,"column":10}},{"start":{"line":108,"column":10},"end":{"line":108,"column":10}}]}}},"/Users/mac/Desktop/projects/todoist/server/route/subTask.route.js":{"path":"/Users/mac/Desktop/projects/todoist/server/route/subTask.route.js","s":{"1":1,"2":1,"3":1,"4":1,"5":1,"6":1,"7":1,"8":1,"9":1},"b":{},"f":{},"fnMap":{},"statementMap":{"1":{"start":{"line":1,"column":0},"end":{"line":28,"column":5}},"2":{"start":{"line":2,"column":2},"end":{"line":2,"column":15}},"3":{"start":{"line":4,"column":2},"end":{"line":4,"column":77}},"4":{"start":{"line":5,"column":2},"end":{"line":5,"column":50}},"5":{"start":{"line":7,"column":2},"end":{"line":27,"column":3}},"6":{"start":{"line":9,"column":4},"end":{"line":9,"column":32}},"7":{"start":{"line":12,"column":4},"end":{"line":14,"column":45}},"8":{"start":{"line":17,"column":4},"end":{"line":18,"column":47}},"9":{"start":{"line":21,"column":4},"end":{"line":26,"column":41}}},"branchMap":{}},"/Users/mac/Desktop/projects/todoist/server/controller/subTask.controller.js":{"path":"/Users/mac/Desktop/projects/todoist/server/controller/subTask.controller.js","s":{"1":1,"2":1,"3":1,"4":1,"5":1,"6":0,"7":1,"8":0,"9":0,"10":0,"11":0,"12":0,"13":0,"14":0,"15":0,"16":0,"17":0,"18":0,"19":0,"20":0,"21":0,"22":0,"23":0,"24":0,"25":0,"26":0,"27":0,"28":0,"29":0,"30":0,"31":0,"32":0,"33":0,"34":0,"35":0,"36":0,"37":0,"38":0},"b":{"1":[0,0],"2":[0,0],"3":[0,0],"4":[0,0],"5":[0,0]},"f":{"1":0,"2":0,"3":0,"4":0,"5":0,"6":0,"7":0},"fnMap":{"1":{"name":"(anonymous_1)","line":8,"loc":{"start":{"line":8,"column":17},"end":{"line":8,"column":28}}},"2":{"name":"addSubTaskIdToTask","line":15,"loc":{"start":{"line":15,"column":6},"end":{"line":15,"column":38}}},"3":{"name":"(anonymous_3)","line":38,"loc":{"start":{"line":38,"column":18},"end":{"line":38,"column":29}}},"4":{"name":"(anonymous_4)","line":55,"loc":{"start":{"line":55,"column":15},"end":{"line":55,"column":26}}},"5":{"name":"(anonymous_5)","line":71,"loc":{"start":{"line":71,"column":20},"end":{"line":71,"column":31}}},"6":{"name":"(anonymous_6)","line":87,"loc":{"start":{"line":87,"column":15},"end":{"line":87,"column":26}}},"7":{"name":"(anonymous_7)","line":103,"loc":{"start":{"line":103,"column":17},"end":{"line":103,"column":28}}}},"statementMap":{"1":{"start":{"line":1,"column":0},"end":{"line":124,"column":5}},"2":{"start":{"line":2,"column":2},"end":{"line":2,"column":15}},"3":{"start":{"line":4,"column":2},"end":{"line":4,"column":51}},"4":{"start":{"line":5,"column":2},"end":{"line":5,"column":57}},"5":{"start":{"line":7,"column":2},"end":{"line":122,"column":3}},"6":{"start":{"line":9,"column":6},"end":{"line":13,"column":9}},"7":{"start":{"line":15,"column":6},"end":{"line":28,"column":7}},"8":{"start":{"line":16,"column":8},"end":{"line":27,"column":12}},"9":{"start":{"line":23,"column":12},"end":{"line":23,"column":29}},"10":{"start":{"line":26,"column":12},"end":{"line":26,"column":37}},"11":{"start":{"line":30,"column":6},"end":{"line":36,"column":11}},"12":{"start":{"line":32,"column":10},"end":{"line":32,"column":41}},"13":{"start":{"line":35,"column":10},"end":{"line":35,"column":36}},"14":{"start":{"line":39,"column":6},"end":{"line":53,"column":10}},"15":{"start":{"line":43,"column":10},"end":{"line":48,"column":11}},"16":{"start":{"line":44,"column":12},"end":{"line":47,"column":15}},"17":{"start":{"line":49,"column":10},"end":{"line":49,"column":28}},"18":{"start":{"line":52,"column":10},"end":{"line":52,"column":36}},"19":{"start":{"line":56,"column":6},"end":{"line":69,"column":10}},"20":{"start":{"line":59,"column":10},"end":{"line":64,"column":11}},"21":{"start":{"line":60,"column":12},"end":{"line":63,"column":15}},"22":{"start":{"line":65,"column":10},"end":{"line":65,"column":28}},"23":{"start":{"line":68,"column":10},"end":{"line":68,"column":36}},"24":{"start":{"line":72,"column":6},"end":{"line":85,"column":10}},"25":{"start":{"line":75,"column":10},"end":{"line":80,"column":11}},"26":{"start":{"line":76,"column":12},"end":{"line":79,"column":15}},"27":{"start":{"line":81,"column":10},"end":{"line":81,"column":28}},"28":{"start":{"line":84,"column":10},"end":{"line":84,"column":36}},"29":{"start":{"line":88,"column":6},"end":{"line":101,"column":10}},"30":{"start":{"line":91,"column":10},"end":{"line":96,"column":11}},"31":{"start":{"line":92,"column":12},"end":{"line":95,"column":15}},"32":{"start":{"line":97,"column":10},"end":{"line":97,"column":28}},"33":{"start":{"line":100,"column":10},"end":{"line":100,"column":36}},"34":{"start":{"line":104,"column":6},"end":{"line":119,"column":10}},"35":{"start":{"line":107,"column":10},"end":{"line":112,"column":11}},"36":{"start":{"line":108,"column":12},"end":{"line":111,"column":15}},"37":{"start":{"line":113,"column":10},"end":{"line":115,"column":13}},"38":{"start":{"line":118,"column":10},"end":{"line":118,"column":36}}},"branchMap":{"1":{"line":43,"type":"if","locations":[{"start":{"line":43,"column":10},"end":{"line":43,"column":10}},{"start":{"line":43,"column":10},"end":{"line":43,"column":10}}]},"2":{"line":59,"type":"if","locations":[{"start":{"line":59,"column":10},"end":{"line":59,"column":10}},{"start":{"line":59,"column":10},"end":{"line":59,"column":10}}]},"3":{"line":75,"type":"if","locations":[{"start":{"line":75,"column":10},"end":{"line":75,"column":10}},{"start":{"line":75,"column":10},"end":{"line":75,"column":10}}]},"4":{"line":91,"type":"if","locations":[{"start":{"line":91,"column":10},"end":{"line":91,"column":10}},{"start":{"line":91,"column":10},"end":{"line":91,"column":10}}]},"5":{"line":107,"type":"if","locations":[{"start":{"line":107,"column":10},"end":{"line":107,"column":10}},{"start":{"line":107,"column":10},"end":{"line":107,"column":10}}]}}},"/Users/mac/Desktop/projects/todoist/server/model/subtask.model.js":{"path":"/Users/mac/Desktop/projects/todoist/server/model/subtask.model.js","s":{"1":1,"2":1,"3":1,"4":1,"5":1,"6":1,"7":1,"8":1},"b":{},"f":{},"fnMap":{},"statementMap":{"1":{"start":{"line":1,"column":0},"end":{"line":31,"column":5}},"2":{"start":{"line":2,"column":2},"end":{"line":2,"column":15}},"3":{"start":{"line":3,"column":2},"end":{"line":3,"column":39}},"4":{"start":{"line":4,"column":2},"end":{"line":4,"column":33}},"5":{"start":{"line":5,"column":2},"end":{"line":5,"column":41}},"6":{"start":{"line":8,"column":2},"end":{"line":26,"column":5}},"7":{"start":{"line":29,"column":2},"end":{"line":29,"column":57}},"8":{"start":{"line":30,"column":2},"end":{"line":30,"column":27}}},"branchMap":{}}}