TN:
SF:/Users/mac/Desktop/projects/dooeet/server.js
FNF:0
FNH:0
DA:1,1
DA:2,1
DA:3,1
DA:4,1
DA:5,1
DA:6,1
DA:7,1
DA:8,1
DA:9,1
DA:10,1
DA:11,1
DA:12,1
DA:13,1
DA:14,1
DA:15,1
DA:17,1
DA:18,1
DA:19,10
DA:20,10
DA:21,10
DA:24,1
DA:25,1
DA:26,1
DA:30,1
DA:33,1
DA:36,1
DA:38,1
DA:40,1
DA:41,1
DA:46,1
DA:47,1
DA:48,0
DA:51,1
DA:55,1
LF:34
LH:33
BRDA:47,1,0,0
BRDA:47,1,1,1
BRF:2
BRH:1
end_of_record
TN:
SF:/Users/mac/Desktop/projects/dooeet/server/config/environment.js
FNF:0
FNH:0
DA:1,1
DA:2,1
DA:3,1
DA:5,1
LF:4
LH:4
BRF:0
BRH:0
end_of_record
TN:
SF:/Users/mac/Desktop/projects/dooeet/server/config/connections.js
FN:4,(anonymous_1)
FN:7,(anonymous_2)
FN:11,(anonymous_3)
FN:15,(anonymous_4)
FN:19,(anonymous_5)
FN:20,(anonymous_6)
FNF:6
FNH:2
FNDA:1,(anonymous_1)
FNDA:0,(anonymous_2)
FNDA:1,(anonymous_3)
FNDA:0,(anonymous_4)
FNDA:0,(anonymous_5)
FNDA:0,(anonymous_6)
DA:1,1
DA:2,1
DA:4,1
DA:5,1
DA:7,1
DA:8,0
DA:11,1
DA:12,1
DA:15,1
DA:16,0
DA:19,1
DA:20,0
DA:21,0
DA:22,0
LF:14
LH:9
BRF:0
BRH:0
end_of_record
TN:
SF:/Users/mac/Desktop/projects/dooeet/server/route/index.js
FNF:0
FNH:0
DA:1,1
DA:2,1
DA:4,1
DA:5,1
DA:6,1
DA:8,1
DA:9,1
DA:10,1
DA:11,1
LF:9
LH:9
BRF:0
BRH:0
end_of_record
TN:
SF:/Users/mac/Desktop/projects/dooeet/server/route/user.route.js
FNF:0
FNH:0
DA:1,1
DA:2,1
DA:4,1
DA:5,1
DA:7,1
DA:9,1
DA:13,1
DA:17,1
DA:19,1
DA:23,1
LF:10
LH:10
BRF:0
BRH:0
end_of_record
TN:
SF:/Users/mac/Desktop/projects/dooeet/server/controller/user.controller.js
FN:12,(anonymous_1)
FN:31,(anonymous_2)
FN:60,(anonymous_3)
FN:75,(anonymous_4)
FN:85,(anonymous_5)
FN:103,(anonymous_6)
FNF:6
FNH:2
FNDA:6,(anonymous_1)
FNDA:2,(anonymous_2)
FNDA:0,(anonymous_3)
FNDA:0,(anonymous_4)
FNDA:0,(anonymous_5)
FNDA:0,(anonymous_6)
DA:1,1
DA:2,1
DA:4,1
DA:5,1
DA:6,1
DA:7,1
DA:8,1
DA:10,1
DA:13,6
DA:19,6
DA:21,2
DA:22,2
DA:28,4
DA:33,2
DA:39,2
DA:40,1
DA:45,1
DA:48,1
DA:51,1
DA:52,1
DA:57,0
DA:61,0
DA:64,0
DA:65,0
DA:69,0
DA:72,0
DA:76,0
DA:79,0
DA:82,0
DA:86,0
DA:89,0
DA:90,0
DA:94,0
DA:100,0
DA:104,0
DA:107,0
DA:108,0
DA:112,0
DA:117,0
LF:39
LH:20
BRDA:39,1,0,1
BRDA:39,1,1,1
BRDA:45,2,0,1
BRDA:45,2,1,0
BRDA:64,3,0,0
BRDA:64,3,1,0
BRDA:89,4,0,0
BRDA:89,4,1,0
BRDA:107,5,0,0
BRDA:107,5,1,0
BRF:10
BRH:3
end_of_record
TN:
SF:/Users/mac/Desktop/projects/dooeet/server/model/user.model.js
FN:80,(anonymous_1)
FNF:1
FNH:1
FNDA:3,(anonymous_1)
DA:1,1
DA:2,1
DA:3,1
DA:4,1
DA:5,1
DA:6,1
DA:7,1
DA:9,1
DA:16,0
DA:26,0
DA:38,6
DA:49,5
DA:59,5
DA:80,1
DA:81,3
DA:84,3
DA:87,3
DA:90,3
DA:91,0
DA:92,0
DA:96,3
DA:97,0
DA:101,3
DA:102,3
DA:103,0
DA:107,3
DA:108,3
DA:109,0
DA:112,3
DA:113,3
DA:118,1
DA:119,0
DA:120,0
DA:121,0
DA:123,0
DA:128,1
LF:36
LH:25
BRDA:90,1,0,0
BRDA:90,1,1,3
BRDA:96,2,0,0
BRDA:96,2,1,3
BRDA:102,3,0,0
BRDA:102,3,1,3
BRDA:108,4,0,0
BRDA:108,4,1,3
BRDA:120,5,0,0
BRDA:120,5,1,0
BRF:10
BRH:4
end_of_record
TN:
SF:/Users/mac/Desktop/projects/dooeet/server/model/task.model.js
FNF:0
FNH:0
DA:1,1
DA:2,1
DA:4,1
DA:5,1
DA:6,1
DA:9,1
DA:38,1
DA:39,1
LF:8
LH:8
BRF:0
BRH:0
end_of_record
TN:
SF:/Users/mac/Desktop/projects/dooeet/server/middleware/auth.js
FN:11,(anonymous_1)
FN:18,(anonymous_2)
FN:37,(anonymous_3)
FNF:3
FNH:2
FNDA:2,(anonymous_1)
FNDA:2,(anonymous_2)
FNDA:0,(anonymous_3)
DA:1,1
DA:2,1
DA:5,1
DA:6,1
DA:7,1
DA:9,1
DA:13,2
DA:16,2
DA:18,2
DA:19,2
DA:20,0
DA:26,2
DA:27,2
DA:32,0
DA:38,0
DA:41,0
DA:42,0
DA:47,0
DA:48,0
DA:52,0
DA:55,0
LF:21
LH:12
BRDA:13,1,0,2
BRDA:13,1,1,2
BRDA:13,1,2,2
BRDA:16,2,0,2
BRDA:16,2,1,0
BRDA:19,3,0,0
BRDA:19,3,1,2
BRDA:41,4,0,0
BRDA:41,4,1,0
BRDA:47,5,0,0
BRDA:47,5,1,0
BRF:11
BRH:5
end_of_record
TN:
SF:/Users/mac/Desktop/projects/dooeet/server/route/task.route.js
FNF:0
FNH:0
DA:1,1
DA:2,1
DA:4,1
DA:5,1
DA:7,1
DA:9,1
DA:12,1
DA:17,1
DA:21,1
LF:9
LH:9
BRF:0
BRH:0
end_of_record
TN:
SF:/Users/mac/Desktop/projects/dooeet/server/controller/task.controller.js
FN:8,(anonymous_1)
FN:17,addTaskIdToUser
FN:44,(anonymous_3)
FN:59,(anonymous_4)
FN:74,(anonymous_5)
FN:89,(anonymous_6)
FN:107,(anonymous_7)
FNF:7
FNH:1
FNDA:1,(anonymous_1)
FNDA:0,addTaskIdToUser
FNDA:0,(anonymous_3)
FNDA:0,(anonymous_4)
FNDA:0,(anonymous_5)
FNDA:0,(anonymous_6)
FNDA:0,(anonymous_7)
DA:1,1
DA:2,1
DA:4,1
DA:5,1
DA:7,1
DA:9,1
DA:10,1
DA:17,1
DA:19,0
DA:23,0
DA:28,0
DA:31,0
DA:35,1
DA:37,0
DA:40,1
DA:45,0
DA:48,0
DA:49,0
DA:53,0
DA:56,0
DA:60,0
DA:63,0
DA:64,0
DA:68,0
DA:71,0
DA:75,0
DA:78,0
DA:79,0
DA:83,0
DA:86,0
DA:90,0
DA:93,0
DA:94,0
DA:98,0
DA:104,0
DA:108,0
DA:111,0
DA:112,0
DA:116,0
DA:121,0
LF:40
LH:10
BRDA:48,1,0,0
BRDA:48,1,1,0
BRDA:63,2,0,0
BRDA:63,2,1,0
BRDA:78,3,0,0
BRDA:78,3,1,0
BRDA:93,4,0,0
BRDA:93,4,1,0
BRDA:111,5,0,0
BRDA:111,5,1,0
BRF:10
BRH:0
end_of_record
TN:
SF:/Users/mac/Desktop/projects/dooeet/server/route/subTask.route.js
FNF:0
FNH:0
DA:1,1
DA:2,1
DA:4,1
DA:5,1
DA:7,1
DA:9,1
DA:12,1
DA:21,1
LF:8
LH:8
BRF:0
BRH:0
end_of_record
TN:
SF:/Users/mac/Desktop/projects/dooeet/server/controller/subTask.controller.js
FN:8,(anonymous_1)
FN:15,addSubTaskIdToTask
FN:39,(anonymous_3)
FN:54,(anonymous_4)
FN:85,(anonymous_5)
FN:100,(anonymous_6)
FNF:6
FNH:0
FNDA:0,(anonymous_1)
FNDA:0,addSubTaskIdToTask
FNDA:0,(anonymous_3)
FNDA:0,(anonymous_4)
FNDA:0,(anonymous_5)
FNDA:0,(anonymous_6)
DA:1,1
DA:2,1
DA:4,1
DA:5,1
DA:7,1
DA:9,0
DA:10,0
DA:15,1
DA:17,0
DA:20,0
DA:24,0
DA:27,0
DA:31,0
DA:33,0
DA:36,0
DA:40,0
DA:43,0
DA:44,0
DA:48,0
DA:51,0
DA:55,0
DA:58,0
DA:59,0
DA:63,0
DA:66,0
DA:86,0
DA:89,0
DA:90,0
DA:94,0
DA:97,0
DA:101,0
DA:104,0
DA:105,0
DA:109,0
DA:114,0
LF:35
LH:6
BRDA:43,1,0,0
BRDA:43,1,1,0
BRDA:58,2,0,0
BRDA:58,2,1,0
BRDA:89,3,0,0
BRDA:89,3,1,0
BRDA:104,4,0,0
BRDA:104,4,1,0
BRF:8
BRH:0
end_of_record
TN:
SF:/Users/mac/Desktop/projects/dooeet/server/model/subtask.model.js
FNF:0
FNH:0
DA:1,1
DA:2,1
DA:3,1
DA:4,1
DA:5,1
DA:8,1
DA:29,1
DA:30,1
LF:8
LH:8
BRF:0
BRH:0
end_of_record
